<component name="libraryTable">
  <library name="junit_downloads">
    <CLASSES>
      <root url="file://$USER_HOME$/Downloads/junit_downloads" />
    </CLASSES>
    <JAVADOC />
    <SOURCES />
    <jarDirectory url="file://$USER_HOME$/Downloads/junit_downloads" recursive="false" />
  </library>
</component>